BLASTN 2.13.0+


Reference: Stephen F. Altschul, Thomas L. Madden, Alejandro A.
Schaffer, Jinghui Zhang, Zheng Zhang, Webb Miller, and David J.
Lipman (1997), "Gapped BLAST and PSI-BLAST: a new generation of
protein database search programs", Nucleic Acids Res. 25:3389-3402.



Database: bnt162b2.fasta
           1 sequences; 4,175 total letters



Query= bnt162b2 len=21

Length=21
                                                                      Score     E
Sequences producing significant alignments:                          (Bits)  Value

bnt162b2 len=4175                                                     42.1    1e-08


>bnt162b2 len=4175
Length=4175

 Score = 42.1 bits (21),  Expect = 1e-08
 Identities = 21/21 (100%), Gaps = 0/21 (0%)
 Strand=Plus/Plus

Query  1    AGCCTACACCAACAGCTTTAC  21
            |||||||||||||||||||||
Sbjct  132  AGCCTACACCAACAGCTTTAC  152


 Score = 16.4 bits (8),  Expect = 0.65
 Identities = 8/8 (100%), Gaps = 0/8 (0%)
 Strand=Plus/Plus

Query  7     CACCAACA  14
             ||||||||
Sbjct  1857  CACCAACA  1864


 Score = 16.4 bits (8),  Expect = 0.65
 Identities = 8/8 (100%), Gaps = 0/8 (0%)
 Strand=Plus/Plus

Query  2     GCCTACAC  9
             ||||||||
Sbjct  2134  GCCTACAC  2141


 Score = 14.4 bits (7),  Expect = 2.6
 Identities = 7/7 (100%), Gaps = 0/7 (0%)
 Strand=Plus/Plus

Query  7    CACCAAC  13
            |||||||
Sbjct  423  CACCAAC  429


 Score = 14.4 bits (7),  Expect = 2.6
 Identities = 7/7 (100%), Gaps = 0/7 (0%)
 Strand=Plus/Plus

Query  12    ACAGCTT  18
             |||||||
Sbjct  1247  ACAGCTT  1253


 Score = 14.4 bits (7),  Expect = 2.6
 Identities = 7/7 (100%), Gaps = 0/7 (0%)
 Strand=Plus/Plus

Query  7     CACCAAC  13
             |||||||
Sbjct  2199  CACCAAC  2205


 Score = 14.4 bits (7),  Expect = 2.6
 Identities = 7/7 (100%), Gaps = 0/7 (0%)
 Strand=Plus/Plus

Query  10    CAACAGC  16
             |||||||
Sbjct  2835  CAACAGC  2841


 Score = 14.4 bits (7),  Expect = 2.6
 Identities = 7/7 (100%), Gaps = 0/7 (0%)
 Strand=Plus/Plus

Query  12    ACAGCTT  18
             |||||||
Sbjct  3491  ACAGCTT  3497


 Score = 14.4 bits (7),  Expect = 2.6
 Identities = 7/7 (100%), Gaps = 0/7 (0%)
 Strand=Plus/Minus

Query  13    CAGCTTT  19
             |||||||
Sbjct  2898  CAGCTTT  2892


 Score = 14.4 bits (7),  Expect = 2.6
 Identities = 7/7 (100%), Gaps = 0/7 (0%)
 Strand=Plus/Minus

Query  10    CAACAGC  16
             |||||||
Sbjct  3797  CAACAGC  3791



Lambda      K        H
    1.37    0.711     1.31 

Gapped
Lambda      K        H
    1.37    0.711     1.31 

Effective search space used: 54171


  Database: bnt162b2.fasta
    Posted date:  Oct 2, 2022  1:34 PM
  Number of letters in database: 4,175
  Number of sequences in database:  1



Matrix: blastn matrix 1 -3
Gap Penalties: Existence: 5, Extension: 2
